0 info it worked if it ends with ok
1 verbose cli [ 'C:\\Program Files\\nodejs\\node.exe',
1 verbose cli   'C:\\Program Files\\nodejs\\node_modules\\npm\\bin\\npm-cli.js',
1 verbose cli   'publish',
1 verbose cli   '.' ]
2 info using npm@3.10.10
3 info using node@v6.10.3
4 verbose publish [ '.' ]
5 silly cache add args [ '.', null ]
6 verbose cache add spec .
7 silly cache add parsed spec Result {
7 silly cache add   raw: '.',
7 silly cache add   scope: null,
7 silly cache add   escapedName: null,
7 silly cache add   name: null,
7 silly cache add   rawSpec: '.',
7 silly cache add   spec: 'E:\\OUTROS\\DEVELOPMENT\\PROJETOS\\IONIC\\ionic-basic\\JorgeBeta',
7 silly cache add   type: 'directory' }
8 verbose addLocalDirectory C:\Users\joliveira\AppData\Roaming\npm-cache\jorgebeta\0.0.2\package.tgz not in flight; packing
9 verbose correctMkdir C:\Users\joliveira\AppData\Roaming\npm-cache correctMkdir not in flight; initializing
10 info lifecycle jorgebeta@0.0.2~prepublish: jorgebeta@0.0.2
11 silly lifecycle jorgebeta@0.0.2~prepublish: no script for prepublish, continuing
12 verbose tar pack [ 'C:\\Users\\joliveira\\AppData\\Roaming\\npm-cache\\jorgebeta\\0.0.2\\package.tgz',
12 verbose tar pack   'E:\\OUTROS\\DEVELOPMENT\\PROJETOS\\IONIC\\ionic-basic\\JorgeBeta' ]
13 verbose tarball C:\Users\joliveira\AppData\Roaming\npm-cache\jorgebeta\0.0.2\package.tgz
14 verbose folder E:\OUTROS\DEVELOPMENT\PROJETOS\IONIC\ionic-basic\JorgeBeta
15 verbose addLocalTarball adding from inside cache C:\Users\joliveira\AppData\Roaming\npm-cache\jorgebeta\0.0.2\package.tgz
16 verbose correctMkdir C:\Users\joliveira\AppData\Roaming\npm-cache correctMkdir not in flight; initializing
17 silly cache afterAdd jorgebeta@0.0.2
18 verbose afterAdd C:\Users\joliveira\AppData\Roaming\npm-cache\jorgebeta\0.0.2\package\package.json not in flight; writing
19 verbose correctMkdir C:\Users\joliveira\AppData\Roaming\npm-cache correctMkdir not in flight; initializing
20 verbose afterAdd C:\Users\joliveira\AppData\Roaming\npm-cache\jorgebeta\0.0.2\package\package.json written
21 silly publish { name: 'jorgebeta',
21 silly publish   version: '0.0.2',
21 silly publish   description: 'teste de jorge',
21 silly publish   cordova:
21 silly publish    { id: 'cordova-plugin-jorge-beta',
21 silly publish      platforms: [ 'android', 'ios' ] },
21 silly publish   keywords: [ 'ecosystem:cordova', 'cordova-android', 'cordova-ios' ],
21 silly publish   author: { name: 'jorge' },
21 silly publish   license: 'ISC',
21 silly publish   dependencies: {},
21 silly publish   devDependencies: {},
21 silly publish   repository:
21 silly publish    { type: 'git',
21 silly publish      url: 'git+https://github.com/jeduardoluciano/JorgeBeta.git' },
21 silly publish   bugs: { url: 'https://github.com/jeduardoluciano/JorgeBeta/issues' },
21 silly publish   homepage: 'https://github.com/jeduardoluciano/JorgeBeta#readme',
21 silly publish   gitHead: 'b30c027984c90407211c3c894d2dba451a1131a0',
21 silly publish   readme: 'ERROR: No README data found!',
21 silly publish   _id: 'jorgebeta@0.0.2',
21 silly publish   scripts: {},
21 silly publish   _shasum: '078af3693708d246d16a5c6e28cc79982bb3bd8d',
21 silly publish   _from: '.' }
22 verbose getPublishConfig undefined
23 silly mapToRegistry name jorgebeta
24 silly mapToRegistry using default registry
25 silly mapToRegistry registry https://registry.npmjs.org/
26 silly mapToRegistry data Result {
26 silly mapToRegistry   raw: 'jorgebeta',
26 silly mapToRegistry   scope: null,
26 silly mapToRegistry   escapedName: 'jorgebeta',
26 silly mapToRegistry   name: 'jorgebeta',
26 silly mapToRegistry   rawSpec: '',
26 silly mapToRegistry   spec: 'latest',
26 silly mapToRegistry   type: 'tag' }
27 silly mapToRegistry uri https://registry.npmjs.org/jorgebeta
28 verbose publish registryBase https://registry.npmjs.org/
29 silly publish uploading C:\Users\joliveira\AppData\Roaming\npm-cache\jorgebeta\0.0.2\package.tgz
30 verbose request uri https://registry.npmjs.org/jorgebeta
31 verbose request sending authorization for write operation
32 info attempt registry request try #1 at 01:06:38
33 verbose request using bearer token for auth
34 verbose request id 9fa027f4e6472c92
35 http request PUT https://registry.npmjs.org/jorgebeta
36 http 403 https://registry.npmjs.org/jorgebeta
37 verbose headers { 'content-type': 'application/json',
37 verbose headers   'cache-control': 'max-age=300',
37 verbose headers   'content-length': '95',
37 verbose headers   'accept-ranges': 'bytes',
37 verbose headers   date: 'Tue, 20 Jun 2017 04:06:41 GMT',
37 verbose headers   via: '1.1 varnish',
37 verbose headers   connection: 'keep-alive',
37 verbose headers   'x-served-by': 'cache-atl6220-ATL',
37 verbose headers   'x-cache': 'MISS',
37 verbose headers   'x-cache-hits': '0',
37 verbose headers   'x-timer': 'S1497931600.420544,VS0,VE791',
37 verbose headers   vary: 'Accept-Encoding' }
38 verbose request invalidating C:\Users\joliveira\AppData\Roaming\npm-cache\registry.npmjs.org\jorgebeta on PUT
39 error publish Failed PUT 403
40 verbose stack Error: "You cannot publish over the previously published version 0.0.2." : jorgebeta
40 verbose stack     at makeError (C:\Program Files\nodejs\node_modules\npm\node_modules\npm-registry-client\lib\request.js:302:12)
40 verbose stack     at CachingRegistryClient.<anonymous> (C:\Program Files\nodejs\node_modules\npm\node_modules\npm-registry-client\lib\request.js:290:14)
40 verbose stack     at Request._callback (C:\Program Files\nodejs\node_modules\npm\node_modules\npm-registry-client\lib\request.js:210:14)
40 verbose stack     at Request.self.callback (C:\Program Files\nodejs\node_modules\npm\node_modules\request\request.js:187:22)
40 verbose stack     at emitTwo (events.js:106:13)
40 verbose stack     at Request.emit (events.js:191:7)
40 verbose stack     at Request.<anonymous> (C:\Program Files\nodejs\node_modules\npm\node_modules\request\request.js:1048:10)
40 verbose stack     at emitOne (events.js:96:13)
40 verbose stack     at Request.emit (events.js:188:7)
40 verbose stack     at IncomingMessage.<anonymous> (C:\Program Files\nodejs\node_modules\npm\node_modules\request\request.js:969:12)
41 verbose statusCode 403
42 verbose pkgid jorgebeta
43 verbose cwd E:\OUTROS\DEVELOPMENT\PROJETOS\IONIC\ionic-basic\JorgeBeta
44 error Windows_NT 10.0.15063
45 error argv "C:\\Program Files\\nodejs\\node.exe" "C:\\Program Files\\nodejs\\node_modules\\npm\\bin\\npm-cli.js" "publish" "."
46 error node v6.10.3
47 error npm  v3.10.10
48 error code E403
49 error "You cannot publish over the previously published version 0.0.2." : jorgebeta
50 error If you need help, you may report this error at:
50 error     <https://github.com/npm/npm/issues>
51 verbose exit [ 1, true ]
